[2023-06-08T08:43:23.121+0000] {taskinstance.py:1090} INFO - Dependencies all met for dep_context=non-requeueable deps ti=<TaskInstance: trigger_rules.get_acuracy_task manual__2023-06-08T08:43:21.576980+00:00 [queued]>
[2023-06-08T08:43:23.128+0000] {taskinstance.py:1090} INFO - Dependencies all met for dep_context=requeueable deps ti=<TaskInstance: trigger_rules.get_acuracy_task manual__2023-06-08T08:43:21.576980+00:00 [queued]>
[2023-06-08T08:43:23.128+0000] {taskinstance.py:1288} INFO - 
--------------------------------------------------------------------------------
[2023-06-08T08:43:23.129+0000] {taskinstance.py:1289} INFO - Starting attempt 1 of 1
[2023-06-08T08:43:23.130+0000] {taskinstance.py:1290} INFO - 
--------------------------------------------------------------------------------
[2023-06-08T08:43:23.142+0000] {taskinstance.py:1309} INFO - Executing <Task(BashOperator): get_acuracy_task> on 2023-06-08 08:43:21.576980+00:00
[2023-06-08T08:43:23.146+0000] {standard_task_runner.py:55} INFO - Started process 733 to run task
[2023-06-08T08:43:23.149+0000] {standard_task_runner.py:82} INFO - Running: ['***', 'tasks', 'run', 'trigger_rules', 'get_acuracy_task', 'manual__2023-06-08T08:43:21.576980+00:00', '--job-id', '28', '--raw', '--subdir', 'DAGS_FOLDER/branching_trigger_rules.py', '--cfg-path', '/tmp/tmpxe4ytcde']
[2023-06-08T08:43:23.151+0000] {standard_task_runner.py:83} INFO - Job 28: Subtask get_acuracy_task
[2023-06-08T08:43:23.214+0000] {task_command.py:389} INFO - Running <TaskInstance: trigger_rules.get_acuracy_task manual__2023-06-08T08:43:21.576980+00:00 [running]> on host 3779d1e12593
[2023-06-08T08:43:23.293+0000] {taskinstance.py:1518} INFO - Exporting the following env vars:
AIRFLOW_CTX_DAG_OWNER=***
AIRFLOW_CTX_DAG_ID=trigger_rules
AIRFLOW_CTX_TASK_ID=get_acuracy_task
AIRFLOW_CTX_EXECUTION_DATE=2023-06-08T08:43:21.576980+00:00
AIRFLOW_CTX_TRY_NUMBER=1
AIRFLOW_CTX_DAG_RUN_ID=manual__2023-06-08T08:43:21.576980+00:00
[2023-06-08T08:43:23.296+0000] {subprocess.py:63} INFO - Tmp dir root location: 
 /tmp
[2023-06-08T08:43:23.297+0000] {subprocess.py:75} INFO - Running command: ['/bin/bash', '-c', 'echo "None"']
[2023-06-08T08:43:23.306+0000] {subprocess.py:86} INFO - Output:
[2023-06-08T08:43:23.307+0000] {subprocess.py:93} INFO - None
[2023-06-08T08:43:23.308+0000] {subprocess.py:97} INFO - Command exited with return code 0
[2023-06-08T08:43:23.331+0000] {taskinstance.py:1332} INFO - Marking task as SUCCESS. dag_id=trigger_rules, task_id=get_acuracy_task, execution_date=20230608T084321, start_date=20230608T084323, end_date=20230608T084323
[2023-06-08T08:43:23.362+0000] {local_task_job.py:212} INFO - Task exited with return code 0
[2023-06-08T08:43:23.389+0000] {taskinstance.py:2596} INFO - 1 downstream tasks scheduled from follow-on schedule check
