[2023-06-08T08:52:29.308+0000] {taskinstance.py:1090} INFO - Dependencies all met for dep_context=non-requeueable deps ti=<TaskInstance: trigger_rules.get_acuracy_task manual__2023-06-08T08:52:27.105016+00:00 [queued]>
[2023-06-08T08:52:29.319+0000] {taskinstance.py:1090} INFO - Dependencies all met for dep_context=requeueable deps ti=<TaskInstance: trigger_rules.get_acuracy_task manual__2023-06-08T08:52:27.105016+00:00 [queued]>
[2023-06-08T08:52:29.320+0000] {taskinstance.py:1288} INFO - 
--------------------------------------------------------------------------------
[2023-06-08T08:52:29.321+0000] {taskinstance.py:1289} INFO - Starting attempt 1 of 1
[2023-06-08T08:52:29.322+0000] {taskinstance.py:1290} INFO - 
--------------------------------------------------------------------------------
[2023-06-08T08:52:29.349+0000] {taskinstance.py:1309} INFO - Executing <Task(BashOperator): get_acuracy_task> on 2023-06-08 08:52:27.105016+00:00
[2023-06-08T08:52:29.355+0000] {standard_task_runner.py:55} INFO - Started process 1012 to run task
[2023-06-08T08:52:29.360+0000] {standard_task_runner.py:82} INFO - Running: ['***', 'tasks', 'run', 'trigger_rules', 'get_acuracy_task', 'manual__2023-06-08T08:52:27.105016+00:00', '--job-id', '30', '--raw', '--subdir', 'DAGS_FOLDER/branching_trigger_rules.py', '--cfg-path', '/tmp/tmp_lgdrzot']
[2023-06-08T08:52:29.363+0000] {standard_task_runner.py:83} INFO - Job 30: Subtask get_acuracy_task
[2023-06-08T08:52:29.447+0000] {task_command.py:389} INFO - Running <TaskInstance: trigger_rules.get_acuracy_task manual__2023-06-08T08:52:27.105016+00:00 [running]> on host 3779d1e12593
[2023-06-08T08:52:29.557+0000] {taskinstance.py:1518} INFO - Exporting the following env vars:
AIRFLOW_CTX_DAG_OWNER=***
AIRFLOW_CTX_DAG_ID=trigger_rules
AIRFLOW_CTX_TASK_ID=get_acuracy_task
AIRFLOW_CTX_EXECUTION_DATE=2023-06-08T08:52:27.105016+00:00
AIRFLOW_CTX_TRY_NUMBER=1
AIRFLOW_CTX_DAG_RUN_ID=manual__2023-06-08T08:52:27.105016+00:00
[2023-06-08T08:52:29.560+0000] {subprocess.py:63} INFO - Tmp dir root location: 
 /tmp
[2023-06-08T08:52:29.561+0000] {subprocess.py:75} INFO - Running command: ['/bin/bash', '-c', 'echo "None"']
[2023-06-08T08:52:29.573+0000] {subprocess.py:86} INFO - Output:
[2023-06-08T08:52:29.575+0000] {subprocess.py:93} INFO - None
[2023-06-08T08:52:29.576+0000] {subprocess.py:97} INFO - Command exited with return code 0
[2023-06-08T08:52:29.601+0000] {taskinstance.py:1332} INFO - Marking task as SUCCESS. dag_id=trigger_rules, task_id=get_acuracy_task, execution_date=20230608T085227, start_date=20230608T085229, end_date=20230608T085229
[2023-06-08T08:52:29.653+0000] {local_task_job.py:212} INFO - Task exited with return code 0
[2023-06-08T08:52:29.697+0000] {taskinstance.py:2596} INFO - 1 downstream tasks scheduled from follow-on schedule check
