[2023-06-08T08:43:24.234+0000] {taskinstance.py:1090} INFO - Dependencies all met for dep_context=non-requeueable deps ti=<TaskInstance: trigger_rules.check_acuracy_task manual__2023-06-08T08:43:21.576980+00:00 [queued]>
[2023-06-08T08:43:24.243+0000] {taskinstance.py:1090} INFO - Dependencies all met for dep_context=requeueable deps ti=<TaskInstance: trigger_rules.check_acuracy_task manual__2023-06-08T08:43:21.576980+00:00 [queued]>
[2023-06-08T08:43:24.244+0000] {taskinstance.py:1288} INFO - 
--------------------------------------------------------------------------------
[2023-06-08T08:43:24.246+0000] {taskinstance.py:1289} INFO - Starting attempt 1 of 1
[2023-06-08T08:43:24.246+0000] {taskinstance.py:1290} INFO - 
--------------------------------------------------------------------------------
[2023-06-08T08:43:24.261+0000] {taskinstance.py:1309} INFO - Executing <Task(BranchPythonOperator): check_acuracy_task> on 2023-06-08 08:43:21.576980+00:00
[2023-06-08T08:43:24.266+0000] {standard_task_runner.py:55} INFO - Started process 737 to run task
[2023-06-08T08:43:24.270+0000] {standard_task_runner.py:82} INFO - Running: ['***', 'tasks', 'run', 'trigger_rules', 'check_acuracy_task', 'manual__2023-06-08T08:43:21.576980+00:00', '--job-id', '29', '--raw', '--subdir', 'DAGS_FOLDER/branching_trigger_rules.py', '--cfg-path', '/tmp/tmpttp_y9rz']
[2023-06-08T08:43:24.272+0000] {standard_task_runner.py:83} INFO - Job 29: Subtask check_acuracy_task
[2023-06-08T08:43:24.329+0000] {task_command.py:389} INFO - Running <TaskInstance: trigger_rules.check_acuracy_task manual__2023-06-08T08:43:21.576980+00:00 [running]> on host 3779d1e12593
[2023-06-08T08:43:24.385+0000] {taskinstance.py:1518} INFO - Exporting the following env vars:
AIRFLOW_CTX_DAG_OWNER=***
AIRFLOW_CTX_DAG_ID=trigger_rules
AIRFLOW_CTX_TASK_ID=check_acuracy_task
AIRFLOW_CTX_EXECUTION_DATE=2023-06-08T08:43:21.576980+00:00
AIRFLOW_CTX_TRY_NUMBER=1
AIRFLOW_CTX_DAG_RUN_ID=manual__2023-06-08T08:43:21.576980+00:00
[2023-06-08T08:43:24.396+0000] {python.py:177} INFO - Done. Returned value was: retrain_task
[2023-06-08T08:43:24.397+0000] {python.py:211} INFO - Branch callable return retrain_task
[2023-06-08T08:43:24.397+0000] {skipmixin.py:155} INFO - Following branch retrain_task
[2023-06-08T08:43:24.398+0000] {skipmixin.py:211} INFO - Skipping tasks ['deploy_task']
[2023-06-08T08:43:24.437+0000] {taskinstance.py:1332} INFO - Marking task as SUCCESS. dag_id=trigger_rules, task_id=check_acuracy_task, execution_date=20230608T084321, start_date=20230608T084324, end_date=20230608T084324
[2023-06-08T08:43:24.483+0000] {local_task_job.py:212} INFO - Task exited with return code 0
[2023-06-08T08:43:24.518+0000] {taskinstance.py:2596} INFO - 0 downstream tasks scheduled from follow-on schedule check
