[2023-06-07T20:24:07.382+0000] {taskinstance.py:1090} INFO - Dependencies all met for dep_context=non-requeueable deps ti=<TaskInstance: first-dag.echo_message scheduled__2023-06-03T00:00:00+00:00 [queued]>
[2023-06-07T20:24:07.563+0000] {taskinstance.py:1090} INFO - Dependencies all met for dep_context=requeueable deps ti=<TaskInstance: first-dag.echo_message scheduled__2023-06-03T00:00:00+00:00 [queued]>
[2023-06-07T20:24:07.584+0000] {taskinstance.py:1288} INFO - 
--------------------------------------------------------------------------------
[2023-06-07T20:24:07.594+0000] {taskinstance.py:1289} INFO - Starting attempt 1 of 1
[2023-06-07T20:24:07.603+0000] {taskinstance.py:1290} INFO - 
--------------------------------------------------------------------------------
[2023-06-07T20:24:08.102+0000] {taskinstance.py:1309} INFO - Executing <Task(BashOperator): echo_message> on 2023-06-03 00:00:00+00:00
[2023-06-07T20:24:08.129+0000] {standard_task_runner.py:55} INFO - Started process 138 to run task
[2023-06-07T20:24:08.174+0000] {standard_task_runner.py:82} INFO - Running: ['***', 'tasks', 'run', 'first-dag', 'echo_message', 'scheduled__2023-06-03T00:00:00+00:00', '--job-id', '19', '--raw', '--subdir', 'DAGS_FOLDER/first_dag.py', '--cfg-path', '/tmp/tmpx1z9xldt']
[2023-06-07T20:24:08.198+0000] {standard_task_runner.py:83} INFO - Job 19: Subtask echo_message
[2023-06-07T20:24:08.703+0000] {task_command.py:389} INFO - Running <TaskInstance: first-dag.echo_message scheduled__2023-06-03T00:00:00+00:00 [running]> on host 3779d1e12593
[2023-06-07T20:24:09.013+0000] {taskinstance.py:1518} INFO - Exporting the following env vars:
AIRFLOW_CTX_DAG_OWNER=***
AIRFLOW_CTX_DAG_ID=first-dag
AIRFLOW_CTX_TASK_ID=echo_message
AIRFLOW_CTX_EXECUTION_DATE=2023-06-03T00:00:00+00:00
AIRFLOW_CTX_TRY_NUMBER=1
AIRFLOW_CTX_DAG_RUN_ID=scheduled__2023-06-03T00:00:00+00:00
[2023-06-07T20:24:09.026+0000] {subprocess.py:63} INFO - Tmp dir root location: 
 /tmp
[2023-06-07T20:24:09.028+0000] {subprocess.py:75} INFO - Running command: ['/bin/bash', '-c', 'echo Hello World']
[2023-06-07T20:24:09.076+0000] {subprocess.py:86} INFO - Output:
[2023-06-07T20:24:09.089+0000] {subprocess.py:93} INFO - Hello World
[2023-06-07T20:24:09.104+0000] {subprocess.py:97} INFO - Command exited with return code 0
[2023-06-07T20:24:09.292+0000] {taskinstance.py:1332} INFO - Marking task as SUCCESS. dag_id=first-dag, task_id=echo_message, execution_date=20230603T000000, start_date=20230607T202407, end_date=20230607T202409
[2023-06-07T20:24:09.415+0000] {local_task_job.py:212} INFO - Task exited with return code 0
[2023-06-07T20:24:09.580+0000] {taskinstance.py:2596} INFO - 0 downstream tasks scheduled from follow-on schedule check
