[2023-06-07T20:23:59.913+0000] {taskinstance.py:1090} INFO - Dependencies all met for dep_context=non-requeueable deps ti=<TaskInstance: first-dag.echo_message scheduled__2023-06-01T00:00:00+00:00 [queued]>
[2023-06-07T20:24:00.009+0000] {taskinstance.py:1090} INFO - Dependencies all met for dep_context=requeueable deps ti=<TaskInstance: first-dag.echo_message scheduled__2023-06-01T00:00:00+00:00 [queued]>
[2023-06-07T20:24:00.011+0000] {taskinstance.py:1288} INFO - 
--------------------------------------------------------------------------------
[2023-06-07T20:24:00.043+0000] {taskinstance.py:1289} INFO - Starting attempt 1 of 1
[2023-06-07T20:24:00.043+0000] {taskinstance.py:1290} INFO - 
--------------------------------------------------------------------------------
[2023-06-07T20:24:00.310+0000] {taskinstance.py:1309} INFO - Executing <Task(BashOperator): echo_message> on 2023-06-01 00:00:00+00:00
[2023-06-07T20:24:00.325+0000] {standard_task_runner.py:55} INFO - Started process 112 to run task
[2023-06-07T20:24:00.634+0000] {standard_task_runner.py:82} INFO - Running: ['***', 'tasks', 'run', 'first-dag', 'echo_message', 'scheduled__2023-06-01T00:00:00+00:00', '--job-id', '15', '--raw', '--subdir', 'DAGS_FOLDER/first_dag.py', '--cfg-path', '/tmp/tmp7gfqfsix']
[2023-06-07T20:24:00.713+0000] {standard_task_runner.py:83} INFO - Job 15: Subtask echo_message
[2023-06-07T20:24:06.185+0000] {task_command.py:389} INFO - Running <TaskInstance: first-dag.echo_message scheduled__2023-06-01T00:00:00+00:00 [running]> on host 3779d1e12593
[2023-06-07T20:24:08.021+0000] {taskinstance.py:1518} INFO - Exporting the following env vars:
AIRFLOW_CTX_DAG_OWNER=***
AIRFLOW_CTX_DAG_ID=first-dag
AIRFLOW_CTX_TASK_ID=echo_message
AIRFLOW_CTX_EXECUTION_DATE=2023-06-01T00:00:00+00:00
AIRFLOW_CTX_TRY_NUMBER=1
AIRFLOW_CTX_DAG_RUN_ID=scheduled__2023-06-01T00:00:00+00:00
[2023-06-07T20:24:08.026+0000] {subprocess.py:63} INFO - Tmp dir root location: 
 /tmp
[2023-06-07T20:24:08.028+0000] {subprocess.py:75} INFO - Running command: ['/bin/bash', '-c', 'echo Hello World']
[2023-06-07T20:24:08.065+0000] {subprocess.py:86} INFO - Output:
[2023-06-07T20:24:08.074+0000] {subprocess.py:93} INFO - Hello World
[2023-06-07T20:24:08.082+0000] {subprocess.py:97} INFO - Command exited with return code 0
[2023-06-07T20:24:08.223+0000] {taskinstance.py:1332} INFO - Marking task as SUCCESS. dag_id=first-dag, task_id=echo_message, execution_date=20230601T000000, start_date=20230607T202359, end_date=20230607T202408
[2023-06-07T20:24:08.410+0000] {local_task_job.py:212} INFO - Task exited with return code 0
[2023-06-07T20:24:08.493+0000] {taskinstance.py:2596} INFO - 0 downstream tasks scheduled from follow-on schedule check
