[2023-06-08T08:52:31.264+0000] {taskinstance.py:1090} INFO - Dependencies all met for dep_context=non-requeueable deps ti=<TaskInstance: trigger_rules.check_acuracy_task manual__2023-06-08T08:52:27.105016+00:00 [queued]>
[2023-06-08T08:52:31.276+0000] {taskinstance.py:1090} INFO - Dependencies all met for dep_context=requeueable deps ti=<TaskInstance: trigger_rules.check_acuracy_task manual__2023-06-08T08:52:27.105016+00:00 [queued]>
[2023-06-08T08:52:31.276+0000] {taskinstance.py:1288} INFO - 
--------------------------------------------------------------------------------
[2023-06-08T08:52:31.277+0000] {taskinstance.py:1289} INFO - Starting attempt 1 of 1
[2023-06-08T08:52:31.277+0000] {taskinstance.py:1290} INFO - 
--------------------------------------------------------------------------------
[2023-06-08T08:52:31.295+0000] {taskinstance.py:1309} INFO - Executing <Task(BranchPythonOperator): check_acuracy_task> on 2023-06-08 08:52:27.105016+00:00
[2023-06-08T08:52:31.300+0000] {standard_task_runner.py:55} INFO - Started process 1016 to run task
[2023-06-08T08:52:31.305+0000] {standard_task_runner.py:82} INFO - Running: ['***', 'tasks', 'run', 'trigger_rules', 'check_acuracy_task', 'manual__2023-06-08T08:52:27.105016+00:00', '--job-id', '31', '--raw', '--subdir', 'DAGS_FOLDER/branching_trigger_rules.py', '--cfg-path', '/tmp/tmpflrq55_1']
[2023-06-08T08:52:31.307+0000] {standard_task_runner.py:83} INFO - Job 31: Subtask check_acuracy_task
[2023-06-08T08:52:31.388+0000] {task_command.py:389} INFO - Running <TaskInstance: trigger_rules.check_acuracy_task manual__2023-06-08T08:52:27.105016+00:00 [running]> on host 3779d1e12593
[2023-06-08T08:52:31.469+0000] {taskinstance.py:1518} INFO - Exporting the following env vars:
AIRFLOW_CTX_DAG_OWNER=***
AIRFLOW_CTX_DAG_ID=trigger_rules
AIRFLOW_CTX_TASK_ID=check_acuracy_task
AIRFLOW_CTX_EXECUTION_DATE=2023-06-08T08:52:27.105016+00:00
AIRFLOW_CTX_TRY_NUMBER=1
AIRFLOW_CTX_DAG_RUN_ID=manual__2023-06-08T08:52:27.105016+00:00
[2023-06-08T08:52:31.485+0000] {python.py:177} INFO - Done. Returned value was: retrain_task
[2023-06-08T08:52:31.486+0000] {python.py:211} INFO - Branch callable return retrain_task
[2023-06-08T08:52:31.486+0000] {skipmixin.py:155} INFO - Following branch retrain_task
[2023-06-08T08:52:31.487+0000] {skipmixin.py:211} INFO - Skipping tasks ['deploy_task']
[2023-06-08T08:52:31.538+0000] {taskinstance.py:1332} INFO - Marking task as SUCCESS. dag_id=trigger_rules, task_id=check_acuracy_task, execution_date=20230608T085227, start_date=20230608T085231, end_date=20230608T085231
[2023-06-08T08:52:31.597+0000] {local_task_job.py:212} INFO - Task exited with return code 0
[2023-06-08T08:52:31.623+0000] {taskinstance.py:2596} INFO - 0 downstream tasks scheduled from follow-on schedule check
