[2023-06-09T01:13:18.818+0000] {taskinstance.py:1090} INFO - Dependencies all met for dep_context=non-requeueable deps ti=<TaskInstance: first-dag.echo_message scheduled__2023-06-08T00:00:00+00:00 [queued]>
[2023-06-09T01:13:18.871+0000] {taskinstance.py:1090} INFO - Dependencies all met for dep_context=requeueable deps ti=<TaskInstance: first-dag.echo_message scheduled__2023-06-08T00:00:00+00:00 [queued]>
[2023-06-09T01:13:18.878+0000] {taskinstance.py:1288} INFO - 
--------------------------------------------------------------------------------
[2023-06-09T01:13:18.901+0000] {taskinstance.py:1289} INFO - Starting attempt 1 of 1
[2023-06-09T01:13:18.902+0000] {taskinstance.py:1290} INFO - 
--------------------------------------------------------------------------------
[2023-06-09T01:13:20.068+0000] {taskinstance.py:1309} INFO - Executing <Task(BashOperator): echo_message> on 2023-06-08 00:00:00+00:00
[2023-06-09T01:13:20.168+0000] {standard_task_runner.py:55} INFO - Started process 2470 to run task
[2023-06-09T01:13:20.179+0000] {standard_task_runner.py:82} INFO - Running: ['***', 'tasks', 'run', 'first-dag', 'echo_message', 'scheduled__2023-06-08T00:00:00+00:00', '--job-id', '34', '--raw', '--subdir', 'DAGS_FOLDER/first_dag.py', '--cfg-path', '/tmp/tmp_1g3h9yh']
[2023-06-09T01:13:20.184+0000] {standard_task_runner.py:83} INFO - Job 34: Subtask echo_message
[2023-06-09T01:13:20.607+0000] {task_command.py:389} INFO - Running <TaskInstance: first-dag.echo_message scheduled__2023-06-08T00:00:00+00:00 [running]> on host 3779d1e12593
[2023-06-09T01:13:20.807+0000] {taskinstance.py:1518} INFO - Exporting the following env vars:
AIRFLOW_CTX_DAG_OWNER=***
AIRFLOW_CTX_DAG_ID=first-dag
AIRFLOW_CTX_TASK_ID=echo_message
AIRFLOW_CTX_EXECUTION_DATE=2023-06-08T00:00:00+00:00
AIRFLOW_CTX_TRY_NUMBER=1
AIRFLOW_CTX_DAG_RUN_ID=scheduled__2023-06-08T00:00:00+00:00
[2023-06-09T01:13:20.810+0000] {subprocess.py:63} INFO - Tmp dir root location: 
 /tmp
[2023-06-09T01:13:20.812+0000] {subprocess.py:75} INFO - Running command: ['/bin/bash', '-c', 'echo Hello World']
[2023-06-09T01:13:20.831+0000] {subprocess.py:86} INFO - Output:
[2023-06-09T01:13:20.834+0000] {subprocess.py:93} INFO - Hello World
[2023-06-09T01:13:20.835+0000] {subprocess.py:97} INFO - Command exited with return code 0
[2023-06-09T01:13:20.888+0000] {taskinstance.py:1332} INFO - Marking task as SUCCESS. dag_id=first-dag, task_id=echo_message, execution_date=20230608T000000, start_date=20230609T011318, end_date=20230609T011320
[2023-06-09T01:13:21.154+0000] {local_task_job.py:212} INFO - Task exited with return code 0
[2023-06-09T01:13:21.187+0000] {taskinstance.py:2596} INFO - 0 downstream tasks scheduled from follow-on schedule check
